Build started 19/11/2014 07:37:36.
     1>Project "C:\Users\Graham\Documents\GitHub\BACKUPOPENGLPROJECT\GP2LABS_GMACDO202\GP2LABS_GMACDO202\GP2LABS_GMACDO202.vcxproj" on node 2 (Build target(s)).
     1>ClCompile:
         C:\Program Files (x86)\Microsoft Visual Studio 12.0\VC\bin\CL.exe /c /I"C:\Users\Graham\Documents\Libaries and DLLs\OpenGL\Unzipped\SDL2-2.0.3\include" /I"C:\Users\Graham\Documents\Libaries and DLLs\OpenGL\Unzipped\glew-1.11.0\include" /I"C:\Users\Graham\Documents\Libaries and DLLs\OpenGL\Unzipped\glm" /I"C:\Users\Graham\Documents\Libaries and DLLs\OpenGL\Unzipped\SDL2_image-2.0.0\include" /I"C:\Users\Graham\Documents\Libaries and DLLs\OpenGL\Unzipped\SDL2_ttf-2.0.12\include" /I"C:\Users\Graham\Documents\Libaries and DLLs\OpenGL\Unzipped\FBX SDK\2015.1\include" /I"C:\Users\Graham\Documents\Libaries and DLLs\OpenGL\Unzipped\bullet-2.82-r2704\src" /ZI /nologo /W3 /WX- /Od /Oy- /D WIN32 /D _DEBUG /D _CONSOLE /D _LIB /D _UNICODE /D UNICODE /Gm /EHsc /RTC1 /MDd /GS /fp:precise /Zc:wchar_t /Zc:forScope /Fo"Debug\\" /Fd"Debug\vc120.pdb" /Gd /TP /analyze- /errorReport:prompt main.cpp
         main.cpp
     1>c:\users\graham\documents\github\backupopenglproject\gp2labs_gmacdo202\gp2labs_gmacdo202\main.cpp(29): warning C4067: unexpected tokens following preprocessor directive - expected a newline
     1>c:\users\graham\documents\github\backupopenglproject\gp2labs_gmacdo202\gp2labs_gmacdo202\main.cpp(200): warning C4018: '<' : signed/unsigned mismatch
     1>c:\users\graham\documents\github\backupopenglproject\gp2labs_gmacdo202\gp2labs_gmacdo202\main.cpp(392): warning C4305: 'argument' : truncation from 'double' to 'GLfloat'
     1>c:\users\graham\documents\github\backupopenglproject\gp2labs_gmacdo202\gp2labs_gmacdo202\main.cpp(514): warning C4018: '<' : signed/unsigned mismatch
     1>c:\users\graham\documents\github\backupopenglproject\gp2labs_gmacdo202\gp2labs_gmacdo202\main.cpp(638): warning C4305: 'argument' : truncation from 'double' to 'btScalar'
       Link:
         C:\Program Files (x86)\Microsoft Visual Studio 12.0\VC\bin\link.exe /ERRORREPORT:PROMPT /OUT:"C:\Users\Graham\Documents\GitHub\BACKUPOPENGLPROJECT\GP2LABS_GMACDO202\Debug\GP2LABS_GMACDO202.exe" /INCREMENTAL /NOLOGO /LIBPATH:"C:\Users\Graham\Documents\Libaries and DLLs\OpenGL\Unzipped\SDL2-2.0.3\lib\x86" /LIBPATH:"C:\Users\Graham\Documents\Libaries and DLLs\OpenGL\Unzipped\glew-1.11.0\lib\Release\Win32" /LIBPATH:"C:\Users\Graham\Documents\Libaries and DLLs\OpenGL\Unzipped\SDL2_image-2.0.0\lib\x86" /LIBPATH:"C:\Users\Graham\Documents\Libaries and DLLs\OpenGL\Unzipped\SDL2_ttf-2.0.12\lib\x86" /LIBPATH:"C:\Users\Graham\Documents\Libaries and DLLs\OpenGL\Unzipped\FBX SDK\2015.1\lib\vs2013\x86\debug" /LIBPATH:"C:\Users\Graham\Documents\Libaries and DLLs\OpenGL\Unzipped\bullet-2.82-r2704\lib" SDL2.lib SDL2main.lib opengl32.lib glu32.lib glew32.lib SDL2_image.lib SDL2_TTF.lib libfbxsdk.lib XINPUT9_1_0.LIB kernel32.lib user32.lib gdi32.lib winspool.lib comdlg32.lib advapi32.lib shell32.lib ole32.lib oleaut32.lib uuid.lib odbc32.lib odbccp32.lib /MANIFEST /MANIFESTUAC:"level='asInvoker' uiAccess='false'" /manifest:embed /DEBUG /PDB:"C:\Users\Graham\Documents\GitHub\BACKUPOPENGLPROJECT\GP2LABS_GMACDO202\Debug\GP2LABS_GMACDO202.pdb" /SUBSYSTEM:CONSOLE /TLBID:1 /DYNAMICBASE /NXCOMPAT /IMPLIB:"C:\Users\Graham\Documents\GitHub\BACKUPOPENGLPROJECT\GP2LABS_GMACDO202\Debug\GP2LABS_GMACDO202.lib" /MACHINE:X86 Debug\Camera.obj
         Debug\Component.obj
         Debug\CXBOXController.obj
         Debug\FBXLoader.obj
         Debug\GameObject.obj
         Debug\Light.obj
         Debug\main.obj
         Debug\Material.obj
         Debug\Mesh.obj
         Debug\Shader.obj
         Debug\Texture.obj
         Debug\Transform.obj
     1>MSVCRTD.lib(cinitexe.obj) : warning LNK4098: defaultlib 'msvcrt.lib' conflicts with use of other libs; use /NODEFAULTLIB:library
     1>main.obj : error LNK2019: unresolved external symbol "void * __cdecl btAlignedAllocInternal(unsigned int,int)" (?btAlignedAllocInternal@@YAPAXIH@Z) referenced in function "public: static void * __cdecl btCollisionObject::operator new(unsigned int)" (??2btCollisionObject@@SAPAXI@Z)
     1>main.obj : error LNK2019: unresolved external symbol "void __cdecl btAlignedFreeInternal(void *)" (?btAlignedFreeInternal@@YAXPAX@Z) referenced in function "public: static void __cdecl btCollisionObject::operator delete(void *)" (??3btCollisionObject@@SAXPAX@Z)
     1>main.obj : error LNK2019: unresolved external symbol "public: __thiscall btCollisionDispatcher::btCollisionDispatcher(class btCollisionConfiguration *)" (??0btCollisionDispatcher@@QAE@PAVbtCollisionConfiguration@@@Z) referenced in function "void __cdecl InitialiseBulletPhysics(void)" (?InitialiseBulletPhysics@@YAXXZ)
     1>main.obj : error LNK2001: unresolved external symbol "public: virtual void __thiscall btCollisionShape::getBoundingSphere(class btVector3 &,float &)const " (?getBoundingSphere@btCollisionShape@@UBEXAAVbtVector3@@AAM@Z)
     1>main.obj : error LNK2001: unresolved external symbol "public: virtual float __thiscall btCollisionShape::getAngularMotionDisc(void)const " (?getAngularMotionDisc@btCollisionShape@@UBEMXZ)
     1>main.obj : error LNK2001: unresolved external symbol "public: virtual float __thiscall btCollisionShape::getContactBreakingThreshold(float)const " (?getContactBreakingThreshold@btCollisionShape@@UBEMM@Z)
     1>main.obj : error LNK2019: unresolved external symbol "public: virtual char const * __thiscall btCollisionShape::serialize(void *,class btSerializer *)const " (?serialize@btCollisionShape@@UBEPBDPAXPAVbtSerializer@@@Z) referenced in function "public: virtual char const * __thiscall btConvexInternalShape::serialize(void *,class btSerializer *)const " (?serialize@btConvexInternalShape@@UBEPBDPAXPAVbtSerializer@@@Z)
     1>main.obj : error LNK2001: unresolved external symbol "public: virtual void __thiscall btCollisionShape::serializeSingleShape(class btSerializer *)const " (?serializeSingleShape@btCollisionShape@@UBEXPAVbtSerializer@@@Z)
     1>main.obj : error LNK2019: unresolved external symbol "public: virtual __thiscall btConvexShape::~btConvexShape(void)" (??1btConvexShape@@UAE@XZ) referenced in function "public: virtual __thiscall btConvexInternalShape::~btConvexInternalShape(void)" (??1btConvexInternalShape@@UAE@XZ)
     1>main.obj : error LNK2001: unresolved external symbol "public: virtual void __thiscall btConvexShape::project(class btTransform const &,class btVector3 const &,float &,float &)const " (?project@btConvexShape@@UBEXABVbtTransform@@ABVbtVector3@@AAM2@Z)
     1>main.obj : error LNK2019: unresolved external symbol "protected: __thiscall btConvexInternalShape::btConvexInternalShape(void)" (??0btConvexInternalShape@@IAE@XZ) referenced in function "public: __thiscall btSphereShape::btSphereShape(float)" (??0btSphereShape@@QAE@M@Z)
     1>main.obj : error LNK2001: unresolved external symbol "public: virtual class btVector3 __thiscall btConvexInternalShape::localGetSupportingVertex(class btVector3 const &)const " (?localGetSupportingVertex@btConvexInternalShape@@UBE?AVbtVector3@@ABV2@@Z)
     1>main.obj : error LNK2001: unresolved external symbol "public: virtual void __thiscall btConvexInternalShape::getAabbSlow(class btTransform const &,class btVector3 &,class btVector3 &)const " (?getAabbSlow@btConvexInternalShape@@UBEXABVbtTransform@@AAVbtVector3@@1@Z)
     1>main.obj : error LNK2001: unresolved external symbol "public: virtual void __thiscall btConvexInternalShape::setLocalScaling(class btVector3 const &)" (?setLocalScaling@btConvexInternalShape@@UAEXABVbtVector3@@@Z)
     1>main.obj : error LNK2001: unresolved external symbol "public: virtual class btVector3 __thiscall btSphereShape::localGetSupportingVertex(class btVector3 const &)const " (?localGetSupportingVertex@btSphereShape@@UBE?AVbtVector3@@ABV2@@Z)
     1>main.obj : error LNK2001: unresolved external symbol "public: virtual class btVector3 __thiscall btSphereShape::localGetSupportingVertexWithoutMargin(class btVector3 const &)const " (?localGetSupportingVertexWithoutMargin@btSphereShape@@UBE?AVbtVector3@@ABV2@@Z)
     1>main.obj : error LNK2001: unresolved external symbol "public: virtual void __thiscall btSphereShape::batchedUnitVectorGetSupportingVertexWithoutMargin(class btVector3 const *,class btVector3 *,int)const " (?batchedUnitVectorGetSupportingVertexWithoutMargin@btSphereShape@@UBEXPBVbtVector3@@PAV2@H@Z)
     1>main.obj : error LNK2001: unresolved external symbol "public: virtual void __thiscall btSphereShape::calculateLocalInertia(float,class btVector3 &)const " (?calculateLocalInertia@btSphereShape@@UBEXMAAVbtVector3@@@Z)
     1>main.obj : error LNK2001: unresolved external symbol "public: virtual void __thiscall btSphereShape::getAabb(class btTransform const &,class btVector3 &,class btVector3 &)const " (?getAabb@btSphereShape@@UBEXABVbtTransform@@AAVbtVector3@@1@Z)
     1>main.obj : error LNK2019: unresolved external symbol "public: __thiscall btStaticPlaneShape::btStaticPlaneShape(class btVector3 const &,float)" (??0btStaticPlaneShape@@QAE@ABVbtVector3@@M@Z) referenced in function "void __cdecl InitialiseBulletPhysics(void)" (?InitialiseBulletPhysics@@YAXXZ)
     1>main.obj : error LNK2019: unresolved external symbol "public: __thiscall btDefaultCollisionConfiguration::btDefaultCollisionConfiguration(struct btDefaultCollisionConstructionInfo const &)" (??0btDefaultCollisionConfiguration@@QAE@ABUbtDefaultCollisionConstructionInfo@@@Z) referenced in function "void __cdecl InitialiseBulletPhysics(void)" (?InitialiseBulletPhysics@@YAXXZ)
     1>main.obj : error LNK2019: unresolved external symbol "public: __thiscall btDbvtBroadphase::btDbvtBroadphase(class btOverlappingPairCache *)" (??0btDbvtBroadphase@@QAE@PAVbtOverlappingPairCache@@@Z) referenced in function "void __cdecl InitialiseBulletPhysics(void)" (?InitialiseBulletPhysics@@YAXXZ)
     1>main.obj : error LNK2019: unresolved external symbol "public: __thiscall btDiscreteDynamicsWorld::btDiscreteDynamicsWorld(class btDispatcher *,class btBroadphaseInterface *,class btConstraintSolver *,class btCollisionConfiguration *)" (??0btDiscreteDynamicsWorld@@QAE@PAVbtDispatcher@@PAVbtBroadphaseInterface@@PAVbtConstraintSolver@@PAVbtCollisionConfiguration@@@Z) referenced in function "void __cdecl InitialiseBulletPhysics(void)" (?InitialiseBulletPhysics@@YAXXZ)
     1>main.obj : error LNK2019: unresolved external symbol "public: __thiscall btRigidBody::btRigidBody(struct btRigidBody::btRigidBodyConstructionInfo const &)" (??0btRigidBody@@QAE@ABUbtRigidBodyConstructionInfo@0@@Z) referenced in function "class btRigidBody * __cdecl AddSphere(float,float,float,float,float)" (?AddSphere@@YAPAVbtRigidBody@@MMMMM@Z)
     1>main.obj : error LNK2019: unresolved external symbol "public: __thiscall btSequentialImpulseConstraintSolver::btSequentialImpulseConstraintSolver(void)" (??0btSequentialImpulseConstraintSolver@@QAE@XZ) referenced in function "void __cdecl InitialiseBulletPhysics(void)" (?InitialiseBulletPhysics@@YAXXZ)
     1>C:\Users\Graham\Documents\GitHub\BACKUPOPENGLPROJECT\GP2LABS_GMACDO202\Debug\GP2LABS_GMACDO202.exe : fatal error LNK1120: 25 unresolved externals
     1>Done Building Project "C:\Users\Graham\Documents\GitHub\BACKUPOPENGLPROJECT\GP2LABS_GMACDO202\GP2LABS_GMACDO202\GP2LABS_GMACDO202.vcxproj" (Build target(s)) -- FAILED.

Build FAILED.

Time Elapsed 00:00:02.86
