Build started 19/11/2014 06:19:15.
     1>Project "C:\Users\Graham\Documents\GitHub\BACKUPOPENGLPROJECT\GP2LABS_GMACDO202\GP2LABS_GMACDO202\BulletCollision.vcxproj" on node 2 (Build target(s)).
     1>ClCompile:
         C:\Program Files (x86)\Microsoft Visual Studio 10.0\VC\bin\CL.exe /c /I..\..\src /Zi /nologo /W3 /WX- /Od /Oy- /D _CRT_SECURE_NO_WARNINGS /D _CRT_SECURE_NO_DEPRECATE /D _HAS_EXCEPTIONS=0 /D _MBCS /Gm- /RTC1 /MTd /GS /Gy /fp:fast /Zc:wchar_t /Zc:forScope /GR- /Fo"obj\x32\Debug\BulletCollision\\" /Fd"..\..\lib\BulletCollision_vs2010_debug.pdb" /Gd /TP /analyze- /errorReport:prompt ..\..\src\BulletCollision\BroadphaseCollision\btAxisSweep3.cpp ..\..\src\BulletCollision\BroadphaseCollision\btBroadphaseProxy.cpp ..\..\src\BulletCollision\BroadphaseCollision\btCollisionAlgorithm.cpp ..\..\src\BulletCollision\BroadphaseCollision\btDbvt.cpp ..\..\src\BulletCollision\BroadphaseCollision\btDbvtBroadphase.cpp ..\..\src\BulletCollision\BroadphaseCollision\btDispatcher.cpp ..\..\src\BulletCollision\BroadphaseCollision\btMultiSapBroadphase.cpp ..\..\src\BulletCollision\BroadphaseCollision\btOverlappingPairCache.cpp ..\..\src\BulletCollision\BroadphaseCollision\btQuantizedBvh.cpp ..\..\src\BulletCollision\BroadphaseCollision\btSimpleBroadphase.cpp ..\..\src\BulletCollision\CollisionDispatch\btActivatingCollisionAlgorithm.cpp ..\..\src\BulletCollision\CollisionDispatch\btBox2dBox2dCollisionAlgorithm.cpp ..\..\src\BulletCollision\CollisionDispatch\btBoxBoxCollisionAlgorithm.cpp ..\..\src\BulletCollision\CollisionDispatch\btBoxBoxDetector.cpp ..\..\src\BulletCollision\CollisionDispatch\btCollisionDispatcher.cpp ..\..\src\BulletCollision\CollisionDispatch\btCollisionObject.cpp ..\..\src\BulletCollision\CollisionDispatch\btCollisionWorld.cpp ..\..\src\BulletCollision\CollisionDispatch\btCompoundCollisionAlgorithm.cpp ..\..\src\BulletCollision\CollisionDispatch\btCompoundCompoundCollisionAlgorithm.cpp ..\..\src\BulletCollision\CollisionDispatch\btConvex2dConvex2dAlgorithm.cpp ..\..\src\BulletCollision\CollisionDispatch\btConvexConcaveCollisionAlgorithm.cpp ..\..\src\BulletCollision\CollisionDispatch\btConvexConvexAlgorithm.cpp ..\..\src\BulletCollision\CollisionDispatch\btConvexPlaneCollisionAlgorithm.cpp ..\..\src\BulletCollision\CollisionDispatch\btDefaultCollisionConfiguration.cpp ..\..\src\BulletCollision\CollisionDispatch\btEmptyCollisionAlgorithm.cpp ..\..\src\BulletCollision\CollisionDispatch\btGhostObject.cpp ..\..\src\BulletCollision\CollisionDispatch\btHashedSimplePairCache.cpp ..\..\src\BulletCollision\CollisionDispatch\btInternalEdgeUtility.cpp ..\..\src\BulletCollision\CollisionDispatch\btManifoldResult.cpp ..\..\src\BulletCollision\CollisionDispatch\btSimulationIslandManager.cpp ..\..\src\BulletCollision\CollisionDispatch\btSphereBoxCollisionAlgorithm.cpp ..\..\src\BulletCollision\CollisionDispatch\btSphereSphereCollisionAlgorithm.cpp ..\..\src\BulletCollision\CollisionDispatch\btSphereTriangleCollisionAlgorithm.cpp ..\..\src\BulletCollision\CollisionDispatch\btUnionFind.cpp ..\..\src\BulletCollision\CollisionDispatch\SphereTriangleDetector.cpp ..\..\src\BulletCollision\CollisionShapes\btBox2dShape.cpp ..\..\src\BulletCollision\CollisionShapes\btBoxShape.cpp ..\..\src\BulletCollision\CollisionShapes\btBvhTriangleMeshShape.cpp ..\..\src\BulletCollision\CollisionShapes\btCapsuleShape.cpp ..\..\src\BulletCollision\CollisionShapes\btCollisionShape.cpp ..\..\src\BulletCollision\CollisionShapes\btCompoundShape.cpp ..\..\src\BulletCollision\CollisionShapes\btConcaveShape.cpp ..\..\src\BulletCollision\CollisionShapes\btConeShape.cpp ..\..\src\BulletCollision\CollisionShapes\btConvex2dShape.cpp ..\..\src\BulletCollision\CollisionShapes\btConvexHullShape.cpp ..\..\src\BulletCollision\CollisionShapes\btConvexInternalShape.cpp ..\..\src\BulletCollision\CollisionShapes\btConvexPointCloudShape.cpp ..\..\src\BulletCollision\CollisionShapes\btConvexPolyhedron.cpp ..\..\src\BulletCollision\CollisionShapes\btConvexShape.cpp ..\..\src\BulletCollision\CollisionShapes\btConvexTriangleMeshShape.cpp ..\..\src\BulletCollision\CollisionShapes\btCylinderShape.cpp ..\..\src\BulletCollision\CollisionShapes\btEmptyShape.cpp ..\..\src\BulletCollision\CollisionShapes\btHeightfieldTerrainShape.cpp ..\..\src\BulletCollision\CollisionShapes\btMinkowskiSumShape.cpp ..\..\src\BulletCollision\CollisionShapes\btMultimaterialTriangleMeshShape.cpp ..\..\src\BulletCollision\CollisionShapes\btMultiSphereShape.cpp ..\..\src\BulletCollision\CollisionShapes\btOptimizedBvh.cpp ..\..\src\BulletCollision\CollisionShapes\btPolyhedralConvexShape.cpp ..\..\src\BulletCollision\CollisionShapes\btScaledBvhTriangleMeshShape.cpp ..\..\src\BulletCollision\CollisionShapes\btShapeHull.cpp ..\..\src\BulletCollision\CollisionShapes\btSphereShape.cpp ..\..\src\BulletCollision\CollisionShapes\btStaticPlaneShape.cpp ..\..\src\BulletCollision\CollisionShapes\btStridingMeshInterface.cpp ..\..\src\BulletCollision\CollisionShapes\btTetrahedronShape.cpp ..\..\src\BulletCollision\CollisionShapes\btTriangleBuffer.cpp ..\..\src\BulletCollision\CollisionShapes\btTriangleCallback.cpp ..\..\src\BulletCollision\CollisionShapes\btTriangleIndexVertexArray.cpp ..\..\src\BulletCollision\CollisionShapes\btTriangleIndexVertexMaterialArray.cpp ..\..\src\BulletCollision\CollisionShapes\btTriangleMesh.cpp ..\..\src\BulletCollision\CollisionShapes\btTriangleMeshShape.cpp ..\..\src\BulletCollision\CollisionShapes\btUniformScalingShape.cpp ..\..\src\BulletCollision\Gimpact\btContactProcessing.cpp ..\..\src\BulletCollision\Gimpact\btGenericPoolAllocator.cpp ..\..\src\BulletCollision\Gimpact\btGImpactBvh.cpp ..\..\src\BulletCollision\Gimpact\btGImpactCollisionAlgorithm.cpp ..\..\src\BulletCollision\Gimpact\btGImpactQuantizedBvh.cpp ..\..\src\BulletCollision\Gimpact\btGImpactShape.cpp ..\..\src\BulletCollision\Gimpact\btTriangleShapeEx.cpp ..\..\src\BulletCollision\Gimpact\gim_box_set.cpp ..\..\src\BulletCollision\Gimpact\gim_contact.cpp ..\..\src\BulletCollision\Gimpact\gim_memory.cpp ..\..\src\BulletCollision\Gimpact\gim_tri_collision.cpp ..\..\src\BulletCollision\NarrowPhaseCollision\btContinuousConvexCollision.cpp ..\..\src\BulletCollision\NarrowPhaseCollision\btConvexCast.cpp ..\..\src\BulletCollision\NarrowPhaseCollision\btGjkConvexCast.cpp ..\..\src\BulletCollision\NarrowPhaseCollision\btGjkEpa2.cpp ..\..\src\BulletCollision\NarrowPhaseCollision\btGjkEpaPenetrationDepthSolver.cpp ..\..\src\BulletCollision\NarrowPhaseCollision\btGjkPairDetector.cpp ..\..\src\BulletCollision\NarrowPhaseCollision\btMinkowskiPenetrationDepthSolver.cpp ..\..\src\BulletCollision\NarrowPhaseCollision\btPersistentManifold.cpp ..\..\src\BulletCollision\NarrowPhaseCollision\btPolyhedralContactClipping.cpp ..\..\src\BulletCollision\NarrowPhaseCollision\btRaycastCallback.cpp ..\..\src\BulletCollision\NarrowPhaseCollision\btSubSimplexConvexCast.cpp ..\..\src\BulletCollision\NarrowPhaseCollision\btVoronoiSimplexSolver.cpp /MP 
         btAxisSweep3.cpp
         btBroadphaseProxy.cpp
         btCollisionAlgorithm.cpp
         btDbvt.cpp
         btDbvtBroadphase.cpp
     1>c1xx : fatal error C1083: Cannot open source file: '..\..\src\BulletCollision\BroadphaseCollision\btAxisSweep3.cpp': No such file or directory
     1>c1xx : fatal error C1083: Cannot open source file: '..\..\src\BulletCollision\BroadphaseCollision\btBroadphaseProxy.cpp': No such file or directory
         btDispatcher.cpp
         btMultiSapBroadphase.cpp
     1>c1xx : fatal error C1083: Cannot open source file: '..\..\src\BulletCollision\BroadphaseCollision\btDispatcher.cpp': No such file or directory
     1>c1xx : fatal error C1083: Cannot open source file: '..\..\src\BulletCollision\BroadphaseCollision\btDbvt.cpp': No such file or directory
     1>c1xx : fatal error C1083: Cannot open source file: '..\..\src\BulletCollision\BroadphaseCollision\btCollisionAlgorithm.cpp': No such file or directory
     1>c1xx : fatal error C1083: Cannot open source file: '..\..\src\BulletCollision\BroadphaseCollision\btMultiSapBroadphase.cpp': No such file or directory
         btOverlappingPairCache.cpp
         btQuantizedBvh.cpp
         btSimpleBroadphase.cpp
     1>c1xx : fatal error C1083: Cannot open source file: '..\..\src\BulletCollision\BroadphaseCollision\btDbvtBroadphase.cpp': No such file or directory
         btActivatingCollisionAlgorithm.cpp
         btBox2dBox2dCollisionAlgorithm.cpp
         btBoxBoxCollisionAlgorithm.cpp
     1>c1xx : fatal error C1083: Cannot open source file: '..\..\src\BulletCollision\BroadphaseCollision\btQuantizedBvh.cpp': No such file or directory
     1>c1xx : fatal error C1083: Cannot open source file: '..\..\src\BulletCollision\CollisionDispatch\btActivatingCollisionAlgorithm.cpp': No such file or directory
         btBoxBoxDetector.cpp
     1>c1xx : fatal error C1083: Cannot open source file: '..\..\src\BulletCollision\BroadphaseCollision\btOverlappingPairCache.cpp': No such file or directory
         btCollisionDispatcher.cpp
         btCollisionObject.cpp
         btCollisionWorld.cpp
     1>c1xx : fatal error C1083: Cannot open source file: '..\..\src\BulletCollision\CollisionDispatch\btBox2dBox2dCollisionAlgorithm.cpp': No such file or directory
         btCompoundCollisionAlgorithm.cpp
     1>c1xx : fatal error C1083: Cannot open source file: '..\..\src\BulletCollision\BroadphaseCollision\btSimpleBroadphase.cpp': No such file or directory
     1>c1xx : fatal error C1083: Cannot open source file: '..\..\src\BulletCollision\CollisionDispatch\btCollisionDispatcher.cpp': No such file or directory
     1>c1xx : fatal error C1083: Cannot open source file: '..\..\src\BulletCollision\CollisionDispatch\btBoxBoxDetector.cpp': No such file or directory
         btCompoundCompoundCollisionAlgorithm.cpp
         btConvex2dConvex2dAlgorithm.cpp
         btConvexConcaveCollisionAlgorithm.cpp
     1>c1xx : fatal error C1083: Cannot open source file: '..\..\src\BulletCollision\CollisionDispatch\btCollisionObject.cpp': No such file or directory
         btConvexConvexAlgorithm.cpp
     1>c1xx : fatal error C1083: Cannot open source file: '..\..\src\BulletCollision\CollisionDispatch\btConvexConvexAlgorithm.cpp': No such file or directory
     1>c1xx : fatal error C1083: Cannot open source file: '..\..\src\BulletCollision\CollisionDispatch\btBoxBoxCollisionAlgorithm.cpp': No such file or directory
         btConvexPlaneCollisionAlgorithm.cpp
         btDefaultCollisionConfiguration.cpp
     1>c1xx : fatal error C1083: Cannot open source file: '..\..\src\BulletCollision\CollisionDispatch\btConvexConcaveCollisionAlgorithm.cpp': No such file or directory
     1>c1xx : fatal error C1083: Cannot open source file: '..\..\src\BulletCollision\CollisionDispatch\btConvex2dConvex2dAlgorithm.cpp': No such file or directory
         btEmptyCollisionAlgorithm.cpp
     1>c1xx : fatal error C1083: Cannot open source file: '..\..\src\BulletCollision\CollisionDispatch\btCompoundCompoundCollisionAlgorithm.cpp': No such file or directory
     1>c1xx : fatal error C1083: Cannot open source file: '..\..\src\BulletCollision\CollisionDispatch\btCollisionWorld.cpp': No such file or directory
         btGhostObject.cpp
         btHashedSimplePairCache.cpp
         btInternalEdgeUtility.cpp
     1>c1xx : fatal error C1083: Cannot open source file: '..\..\src\BulletCollision\CollisionDispatch\btCompoundCollisionAlgorithm.cpp': No such file or directory
         btManifoldResult.cpp
     1>c1xx : fatal error C1083: Cannot open source file: '..\..\src\BulletCollision\CollisionDispatch\btEmptyCollisionAlgorithm.cpp': No such file or directory
     1>c1xx : fatal error C1083: Cannot open source file: '..\..\src\BulletCollision\CollisionDispatch\btDefaultCollisionConfiguration.cpp': No such file or directory
         btSimulationIslandManager.cpp
         btSphereBoxCollisionAlgorithm.cpp
     1>c1xx : fatal error C1083: Cannot open source file: '..\..\src\BulletCollision\CollisionDispatch\btHashedSimplePairCache.cpp': No such file or directory
     1>c1xx : fatal error C1083: Cannot open source file: '..\..\src\BulletCollision\CollisionDispatch\btSimulationIslandManager.cpp': No such file or directory
         btSphereSphereCollisionAlgorithm.cpp
         btSphereTriangleCollisionAlgorithm.cpp
     1>c1xx : fatal error C1083: Cannot open source file: '..\..\src\BulletCollision\CollisionDispatch\btConvexPlaneCollisionAlgorithm.cpp': No such file or directory
     1>c1xx : fatal error C1083: Cannot open source file: '..\..\src\BulletCollision\CollisionDispatch\btInternalEdgeUtility.cpp': No such file or directory
         btUnionFind.cpp
     1>c1xx : fatal error C1083: Cannot open source file: '..\..\src\BulletCollision\CollisionDispatch\btSphereBoxCollisionAlgorithm.cpp': No such file or directory
         SphereTriangleDetector.cpp
     1>c1xx : fatal error C1083: Cannot open source file: '..\..\src\BulletCollision\CollisionDispatch\btGhostObject.cpp': No such file or directory
     1>c1xx : fatal error C1083: Cannot open source file: '..\..\src\BulletCollision\CollisionDispatch\btManifoldResult.cpp': No such file or directory
         btBox2dShape.cpp
         btBoxShape.cpp
         btBvhTriangleMeshShape.cpp
     1>c1xx : fatal error C1083: Cannot open source file: '..\..\src\BulletCollision\CollisionDispatch\btSphereSphereCollisionAlgorithm.cpp': No such file or directory
         btCapsuleShape.cpp
     1>c1xx : fatal error C1083: Cannot open source file: '..\..\src\BulletCollision\CollisionDispatch\btSphereTriangleCollisionAlgorithm.cpp': No such file or directory
     1>c1xx : fatal error C1083: Cannot open source file: '..\..\src\BulletCollision\CollisionDispatch\SphereTriangleDetector.cpp': No such file or directory
     1>c1xx : fatal error C1083: Cannot open source file: '..\..\src\BulletCollision\CollisionShapes\btBox2dShape.cpp': No such file or directory
         btCollisionShape.cpp
         btCompoundShape.cpp
         btConcaveShape.cpp
     1>c1xx : fatal error C1083: Cannot open source file: '..\..\src\BulletCollision\CollisionShapes\btCapsuleShape.cpp': No such file or directory
     1>c1xx : fatal error C1083: Cannot open source file: '..\..\src\BulletCollision\CollisionDispatch\btUnionFind.cpp': No such file or directory
         btConeShape.cpp
         btConvex2dShape.cpp
     1>c1xx : fatal error C1083: Cannot open source file: '..\..\src\BulletCollision\CollisionShapes\btBoxShape.cpp': No such file or directory
     1>c1xx : fatal error C1083: Cannot open source file: '..\..\src\BulletCollision\CollisionShapes\btBvhTriangleMeshShape.cpp': No such file or directory
         btConvexHullShape.cpp
         btConvexInternalShape.cpp
     1>c1xx : fatal error C1083: Cannot open source file: '..\..\src\BulletCollision\CollisionShapes\btCompoundShape.cpp': No such file or directory
         btConvexPointCloudShape.cpp
         btConvexPolyhedron.cpp
     1>c1xx : fatal error C1083: Cannot open source file: '..\..\src\BulletCollision\CollisionShapes\btConcaveShape.cpp': No such file or directory
     1>c1xx : fatal error C1083: Cannot open source file: '..\..\src\BulletCollision\CollisionShapes\btCollisionShape.cpp': No such file or directory
         btConvexShape.cpp
         btConvexTriangleMeshShape.cpp
     1>c1xx : fatal error C1083: Cannot open source file: '..\..\src\BulletCollision\CollisionShapes\btConeShape.cpp': No such file or directory
     1>c1xx : fatal error C1083: Cannot open source file: '..\..\src\BulletCollision\CollisionShapes\btConvex2dShape.cpp': No such file or directory
         btCylinderShape.cpp
     1>c1xx : fatal error C1083: Cannot open source file: '..\..\src\BulletCollision\CollisionShapes\btConvexPointCloudShape.cpp': No such file or directory
         btEmptyShape.cpp
         btHeightfieldTerrainShape.cpp
     1>c1xx : fatal error C1083: Cannot open source file: '..\..\src\BulletCollision\CollisionShapes\btConvexTriangleMeshShape.cpp': No such file or directory
         btMinkowskiSumShape.cpp
     1>c1xx : fatal error C1083: Cannot open source file: '..\..\src\BulletCollision\CollisionShapes\btConvexInternalShape.cpp': No such file or directory
     1>c1xx : fatal error C1083: Cannot open source file: '..\..\src\BulletCollision\CollisionShapes\btConvexHullShape.cpp': No such file or directory
         btMultimaterialTriangleMeshShape.cpp
         btMultiSphereShape.cpp
     1>c1xx : fatal error C1083: Cannot open source file: '..\..\src\BulletCollision\CollisionShapes\btEmptyShape.cpp': No such file or directory
     1>c1xx : fatal error C1083: Cannot open source file: '..\..\src\BulletCollision\CollisionShapes\btCylinderShape.cpp': No such file or directory
     1>c1xx : fatal error C1083: Cannot open source file: '..\..\src\BulletCollision\CollisionShapes\btMinkowskiSumShape.cpp': No such file or directory
         btOptimizedBvh.cpp
         btPolyhedralConvexShape.cpp
     1>c1xx : fatal error C1083: Cannot open source file: '..\..\src\BulletCollision\CollisionShapes\btHeightfieldTerrainShape.cpp': No such file or directory
         btScaledBvhTriangleMeshShape.cpp
     1>c1xx : fatal error C1083: Cannot open source file: '..\..\src\BulletCollision\CollisionShapes\btConvexShape.cpp': No such file or directory
         btShapeHull.cpp
     1>c1xx : fatal error C1083: Cannot open source file: '..\..\src\BulletCollision\CollisionShapes\btOptimizedBvh.cpp': No such file or directory
     1>c1xx : fatal error C1083: Cannot open source file: '..\..\src\BulletCollision\CollisionShapes\btPolyhedralConvexShape.cpp': No such file or directory
         btSphereShape.cpp
         btStaticPlaneShape.cpp
     1>c1xx : fatal error C1083: Cannot open source file: '..\..\src\BulletCollision\CollisionShapes\btConvexPolyhedron.cpp': No such file or directory
         btStridingMeshInterface.cpp
     1>c1xx : fatal error C1083: Cannot open source file: '..\..\src\BulletCollision\CollisionShapes\btMultiSphereShape.cpp': No such file or directory
     1>c1xx : fatal error C1083: Cannot open source file: '..\..\src\BulletCollision\CollisionShapes\btMultimaterialTriangleMeshShape.cpp': No such file or directory
         btTetrahedronShape.cpp
         btTriangleBuffer.cpp
         btTriangleCallback.cpp
     1>c1xx : fatal error C1083: Cannot open source file: '..\..\src\BulletCollision\CollisionShapes\btScaledBvhTriangleMeshShape.cpp': No such file or directory
         btTriangleIndexVertexArray.cpp
     1>c1xx : fatal error C1083: Cannot open source file: '..\..\src\BulletCollision\CollisionShapes\btSphereShape.cpp': No such file or directory
     1>c1xx : fatal error C1083: Cannot open source file: '..\..\src\BulletCollision\CollisionShapes\btStaticPlaneShape.cpp': No such file or directory
         btTriangleIndexVertexMaterialArray.cpp
     1>c1xx : fatal error C1083: Cannot open source file: '..\..\src\BulletCollision\CollisionShapes\btTriangleCallback.cpp': No such file or directory
         btTriangleMesh.cpp
         btTriangleMeshShape.cpp
     1>c1xx : fatal error C1083: Cannot open source file: '..\..\src\BulletCollision\CollisionShapes\btStridingMeshInterface.cpp': No such file or directory
     1>c1xx : fatal error C1083: Cannot open source file: '..\..\src\BulletCollision\CollisionShapes\btTetrahedronShape.cpp': No such file or directory
         btUniformScalingShape.cpp
     1>c1xx : fatal error C1083: Cannot open source file: '..\..\src\BulletCollision\CollisionShapes\btShapeHull.cpp': No such file or directory
         btContactProcessing.cpp
         btGenericPoolAllocator.cpp
     1>c1xx : fatal error C1083: Cannot open source file: '..\..\src\BulletCollision\CollisionShapes\btTriangleMesh.cpp': No such file or directory
     1>c1xx : fatal error C1083: Cannot open source file: '..\..\src\BulletCollision\CollisionShapes\btTriangleIndexVertexArray.cpp': No such file or directory
     1>c1xx : fatal error C1083: Cannot open source file: '..\..\src\BulletCollision\CollisionShapes\btTriangleIndexVertexMaterialArray.cpp': No such file or directory
         btGImpactBvh.cpp
         btGImpactCollisionAlgorithm.cpp
         btGImpactQuantizedBvh.cpp
     1>c1xx : fatal error C1083: Cannot open source file: '..\..\src\BulletCollision\CollisionShapes\btTriangleMeshShape.cpp': No such file or directory
     1>c1xx : fatal error C1083: Cannot open source file: '..\..\src\BulletCollision\CollisionShapes\btTriangleBuffer.cpp': No such file or directory
         btGImpactShape.cpp
         btTriangleShapeEx.cpp
     1>c1xx : fatal error C1083: Cannot open source file: '..\..\src\BulletCollision\CollisionShapes\btUniformScalingShape.cpp': No such file or directory
         gim_box_set.cpp
     1>c1xx : fatal error C1083: Cannot open source file: '..\..\src\BulletCollision\Gimpact\btGImpactQuantizedBvh.cpp': No such file or directory
     1>c1xx : fatal error C1083: Cannot open source file: '..\..\src\BulletCollision\Gimpact\btGImpactShape.cpp': No such file or directory
     1>c1xx : fatal error C1083: Cannot open source file: '..\..\src\BulletCollision\Gimpact\btGImpactBvh.cpp': No such file or directory
         gim_contact.cpp
         gim_memory.cpp
         gim_tri_collision.cpp
     1>c1xx : fatal error C1083: Cannot open source file: '..\..\src\BulletCollision\Gimpact\btContactProcessing.cpp': No such file or directory
     1>c1xx : fatal error C1083: Cannot open source file: '..\..\src\BulletCollision\Gimpact\btGImpactCollisionAlgorithm.cpp': No such file or directory
         btContinuousConvexCollision.cpp
         btConvexCast.cpp
     1>c1xx : fatal error C1083: Cannot open source file: '..\..\src\BulletCollision\Gimpact\btGenericPoolAllocator.cpp': No such file or directory
         btGjkConvexCast.cpp
     1>c1xx : fatal error C1083: Cannot open source file: '..\..\src\BulletCollision\Gimpact\gim_box_set.cpp': No such file or directory
         btGjkEpa2.cpp
     1>c1xx : fatal error C1083: Cannot open source file: '..\..\src\BulletCollision\Gimpact\btTriangleShapeEx.cpp': No such file or directory
         btGjkEpaPenetrationDepthSolver.cpp
     1>c1xx : fatal error C1083: Cannot open source file: '..\..\src\BulletCollision\Gimpact\gim_contact.cpp': No such file or directory
     1>c1xx : fatal error C1083: Cannot open source file: '..\..\src\BulletCollision\Gimpact\gim_tri_collision.cpp': No such file or directory
         btGjkPairDetector.cpp
         btMinkowskiPenetrationDepthSolver.cpp
     1>c1xx : fatal error C1083: Cannot open source file: '..\..\src\BulletCollision\Gimpact\gim_memory.cpp': No such file or directory
         btPersistentManifold.cpp
     1>c1xx : fatal error C1083: Cannot open source file: '..\..\src\BulletCollision\NarrowPhaseCollision\btConvexCast.cpp': No such file or directory
     1>c1xx : fatal error C1083: Cannot open source file: '..\..\src\BulletCollision\NarrowPhaseCollision\btGjkEpa2.cpp': No such file or directory
     1>c1xx : fatal error C1083: Cannot open source file: '..\..\src\BulletCollision\NarrowPhaseCollision\btGjkConvexCast.cpp': No such file or directory
         btPolyhedralContactClipping.cpp
     1>c1xx : fatal error C1083: Cannot open source file: '..\..\src\BulletCollision\NarrowPhaseCollision\btContinuousConvexCollision.cpp': No such file or directory
         btRaycastCallback.cpp
         btSubSimplexConvexCast.cpp
         btVoronoiSimplexSolver.cpp
     1>c1xx : fatal error C1083: Cannot open source file: '..\..\src\BulletCollision\NarrowPhaseCollision\btMinkowskiPenetrationDepthSolver.cpp': No such file or directory
     1>c1xx : fatal error C1083: Cannot open source file: '..\..\src\BulletCollision\NarrowPhaseCollision\btGjkPairDetector.cpp': No such file or directory
     1>c1xx : fatal error C1083: Cannot open source file: '..\..\src\BulletCollision\NarrowPhaseCollision\btGjkEpaPenetrationDepthSolver.cpp': No such file or directory
     1>c1xx : fatal error C1083: Cannot open source file: '..\..\src\BulletCollision\NarrowPhaseCollision\btPersistentManifold.cpp': No such file or directory
     1>c1xx : fatal error C1083: Cannot open source file: '..\..\src\BulletCollision\NarrowPhaseCollision\btRaycastCallback.cpp': No such file or directory
     1>c1xx : fatal error C1083: Cannot open source file: '..\..\src\BulletCollision\NarrowPhaseCollision\btSubSimplexConvexCast.cpp': No such file or directory
     1>c1xx : fatal error C1083: Cannot open source file: '..\..\src\BulletCollision\NarrowPhaseCollision\btVoronoiSimplexSolver.cpp': No such file or directory
     1>c1xx : fatal error C1083: Cannot open source file: '..\..\src\BulletCollision\NarrowPhaseCollision\btPolyhedralContactClipping.cpp': No such file or directory
     1>Done Building Project "C:\Users\Graham\Documents\GitHub\BACKUPOPENGLPROJECT\GP2LABS_GMACDO202\GP2LABS_GMACDO202\BulletCollision.vcxproj" (Build target(s)) -- FAILED.

Build FAILED.

Time Elapsed 00:00:00.74
