Build started 19/11/2014 06:19:15.
     1>Project "C:\Users\Graham\Documents\GitHub\BACKUPOPENGLPROJECT\GP2LABS_GMACDO202\GP2LABS_GMACDO202\LinearMath.vcxproj" on node 3 (Build target(s)).
     1>ClCompile:
         C:\Program Files (x86)\Microsoft Visual Studio 10.0\VC\bin\CL.exe /c /I..\..\src /Zi /nologo /W3 /WX- /Od /Oy- /D _CRT_SECURE_NO_WARNINGS /D _CRT_SECURE_NO_DEPRECATE /D _HAS_EXCEPTIONS=0 /D _MBCS /Gm- /RTC1 /MTd /GS /Gy /fp:fast /Zc:wchar_t /Zc:forScope /GR- /Fo"obj\x32\Debug\LinearMath\\" /Fd"..\..\lib\LinearMath_vs2010_debug.pdb" /Gd /TP /analyze- /errorReport:prompt ..\..\src\LinearMath\btAlignedAllocator.cpp ..\..\src\LinearMath\btConvexHull.cpp ..\..\src\LinearMath\btConvexHullComputer.cpp ..\..\src\LinearMath\btGeometryUtil.cpp ..\..\src\LinearMath\btPolarDecomposition.cpp ..\..\src\LinearMath\btQuickprof.cpp ..\..\src\LinearMath\btSerializer.cpp ..\..\src\LinearMath\btVector3.cpp /MP 
         btAlignedAllocator.cpp
     1>c1xx : fatal error C1083: Cannot open source file: '..\..\src\LinearMath\btAlignedAllocator.cpp': No such file or directory
         btConvexHull.cpp
     1>c1xx : fatal error C1083: Cannot open source file: '..\..\src\LinearMath\btConvexHull.cpp': No such file or directory
         btConvexHullComputer.cpp
     1>c1xx : fatal error C1083: Cannot open source file: '..\..\src\LinearMath\btConvexHullComputer.cpp': No such file or directory
         btGeometryUtil.cpp
     1>c1xx : fatal error C1083: Cannot open source file: '..\..\src\LinearMath\btGeometryUtil.cpp': No such file or directory
         btPolarDecomposition.cpp
     1>c1xx : fatal error C1083: Cannot open source file: '..\..\src\LinearMath\btPolarDecomposition.cpp': No such file or directory
         btQuickprof.cpp
         btSerializer.cpp
     1>c1xx : fatal error C1083: Cannot open source file: '..\..\src\LinearMath\btQuickprof.cpp': No such file or directory
         btVector3.cpp
     1>c1xx : fatal error C1083: Cannot open source file: '..\..\src\LinearMath\btSerializer.cpp': No such file or directory
     1>c1xx : fatal error C1083: Cannot open source file: '..\..\src\LinearMath\btVector3.cpp': No such file or directory
     1>Done Building Project "C:\Users\Graham\Documents\GitHub\BACKUPOPENGLPROJECT\GP2LABS_GMACDO202\GP2LABS_GMACDO202\LinearMath.vcxproj" (Build target(s)) -- FAILED.

Build FAILED.

Time Elapsed 00:00:00.51
